C:\Program Files (x86)\Microsoft Visual Studio\2019\Community\MSBuild\Microsoft\VC\v160\Microsoft.CppBuild.targets(499,5): warning MSB8004: El directorio Output no termina con una barra diagonal final. Esta instancia de compilación agregará la barra diagonal porque es necesaria para que se pueda evaluar correctamente el directorio Output.
  Asteroid.cpp
D:\Users\ianco\Desktop\Image\2022\2do cuatri\Desarrollo1\Asteroids\src\GameElements\Asteroid.cpp(108,27): warning C4244: '=': conversión de 'int' a 'float'; posible pérdida de datos
D:\Users\ianco\Desktop\Image\2022\2do cuatri\Desarrollo1\Asteroids\src\GameElements\Asteroid.cpp(109,27): warning C4244: '=': conversión de 'int' a 'float'; posible pérdida de datos
D:\Users\ianco\Desktop\Image\2022\2do cuatri\Desarrollo1\Asteroids\src\GameElements\Asteroid.cpp(106,8): warning C4101: 'isNegative': variable local sin referencia
D:\Users\ianco\Desktop\Image\2022\2do cuatri\Desarrollo1\Asteroids\src\GameElements\Asteroid.cpp(151,49): warning C4244: '=': conversión de 'int' a 'float'; posible pérdida de datos
D:\Users\ianco\Desktop\Image\2022\2do cuatri\Desarrollo1\Asteroids\src\GameElements\Asteroid.cpp(155,34): warning C4244: '=': conversión de 'int' a 'float'; posible pérdida de datos
D:\Users\ianco\Desktop\Image\2022\2do cuatri\Desarrollo1\Asteroids\src\GameElements\Asteroid.cpp(160,50): warning C4244: '=': conversión de 'int' a 'float'; posible pérdida de datos
D:\Users\ianco\Desktop\Image\2022\2do cuatri\Desarrollo1\Asteroids\src\GameElements\Asteroid.cpp(164,34): warning C4244: '=': conversión de 'int' a 'float'; posible pérdida de datos
  Bullet.cpp
D:\Users\ianco\Desktop\Image\2022\2do cuatri\Desarrollo1\Asteroids\src\GameElements\Bullet.cpp(90,19): warning C4244: 'inicializando': conversión de 'double' a 'float'; posible pérdida de datos
  GameLoop.cpp
  Player.cpp
D:\Users\ianco\Desktop\Image\2022\2do cuatri\Desarrollo1\Asteroids\src\GameElements\Player.cpp(65,40): warning C4244: '=': conversión de 'int' a 'float'; posible pérdida de datos
D:\Users\ianco\Desktop\Image\2022\2do cuatri\Desarrollo1\Asteroids\src\GameElements\Player.cpp(69,25): warning C4244: '=': conversión de 'int' a 'float'; posible pérdida de datos
D:\Users\ianco\Desktop\Image\2022\2do cuatri\Desarrollo1\Asteroids\src\GameElements\Player.cpp(74,41): warning C4244: '=': conversión de 'int' a 'float'; posible pérdida de datos
D:\Users\ianco\Desktop\Image\2022\2do cuatri\Desarrollo1\Asteroids\src\GameElements\Player.cpp(78,25): warning C4244: '=': conversión de 'int' a 'float'; posible pérdida de datos
D:\Users\ianco\Desktop\Image\2022\2do cuatri\Desarrollo1\Asteroids\src\GameElements\Player.cpp(118,19): warning C4244: 'inicializando': conversión de 'double' a 'float'; posible pérdida de datos
D:\Users\ianco\Desktop\Image\2022\2do cuatri\Desarrollo1\Asteroids\src\GameElements\Player.cpp(139,39): warning C4244: '=': conversión de 'int' a 'float'; posible pérdida de datos
D:\Users\ianco\Desktop\Image\2022\2do cuatri\Desarrollo1\Asteroids\src\GameElements\Player.cpp(140,40): warning C4244: '=': conversión de 'int' a 'float'; posible pérdida de datos
D:\Users\ianco\Desktop\Image\2022\2do cuatri\Desarrollo1\Asteroids\src\GameElements\Player.cpp(155,14): warning C4244: 'inicializando': conversión de 'double' a 'float'; posible pérdida de datos
D:\Users\ianco\Desktop\Image\2022\2do cuatri\Desarrollo1\Asteroids\src\GameElements\Player.cpp(225,51): warning C4838: la conversión de 'int' en 'float' requiere una conversión de restricción
D:\Users\ianco\Desktop\Image\2022\2do cuatri\Desarrollo1\Asteroids\src\GameElements\Player.cpp(225,51): warning C4244: 'inicializando': conversión de 'int' a 'float'; posible pérdida de datos
D:\Users\ianco\Desktop\Image\2022\2do cuatri\Desarrollo1\Asteroids\src\GameElements\Player.cpp(225,76): warning C4838: la conversión de 'int' en 'float' requiere una conversión de restricción
D:\Users\ianco\Desktop\Image\2022\2do cuatri\Desarrollo1\Asteroids\src\GameElements\Player.cpp(225,76): warning C4244: 'inicializando': conversión de 'int' a 'float'; posible pérdida de datos
D:\Users\ianco\Desktop\Image\2022\2do cuatri\Desarrollo1\Asteroids\src\GameElements\Player.cpp(232,52): warning C4244: 'argumento': conversión de 'float' a 'int'; posible pérdida de datos
D:\Users\ianco\Desktop\Image\2022\2do cuatri\Desarrollo1\Asteroids\src\GameElements\Player.cpp(232,33): warning C4244: 'argumento': conversión de 'float' a 'int'; posible pérdida de datos
  main.cpp
  StartMenu.cpp
D:\Users\ianco\Desktop\Image\2022\2do cuatri\Desarrollo1\Asteroids\StartMenu.cpp(33,52): warning C4838: la conversión de 'int' en 'float' requiere una conversión de restricción
D:\Users\ianco\Desktop\Image\2022\2do cuatri\Desarrollo1\Asteroids\StartMenu.cpp(33,52): warning C4244: 'inicializando': conversión de 'int' a 'float'; posible pérdida de datos
D:\Users\ianco\Desktop\Image\2022\2do cuatri\Desarrollo1\Asteroids\StartMenu.cpp(33,126): warning C4838: la conversión de 'int' en 'float' requiere una conversión de restricción
D:\Users\ianco\Desktop\Image\2022\2do cuatri\Desarrollo1\Asteroids\StartMenu.cpp(33,126): warning C4244: 'inicializando': conversión de 'int' a 'float'; posible pérdida de datos
D:\Users\ianco\Desktop\Image\2022\2do cuatri\Desarrollo1\Asteroids\StartMenu.cpp(33,144): warning C4838: la conversión de 'int' en 'float' requiere una conversión de restricción
D:\Users\ianco\Desktop\Image\2022\2do cuatri\Desarrollo1\Asteroids\StartMenu.cpp(33,144): warning C4244: 'inicializando': conversión de 'int' a 'float'; posible pérdida de datos
D:\Users\ianco\Desktop\Image\2022\2do cuatri\Desarrollo1\Asteroids\StartMenu.cpp(33,164): warning C4838: la conversión de 'int' en 'float' requiere una conversión de restricción
D:\Users\ianco\Desktop\Image\2022\2do cuatri\Desarrollo1\Asteroids\StartMenu.cpp(33,164): warning C4244: 'inicializando': conversión de 'int' a 'float'; posible pérdida de datos
D:\Users\ianco\Desktop\Image\2022\2do cuatri\Desarrollo1\Asteroids\StartMenu.cpp(52,46): warning C4244: 'argumento': conversión de 'float' a 'int'; posible pérdida de datos
D:\Users\ianco\Desktop\Image\2022\2do cuatri\Desarrollo1\Asteroids\StartMenu.cpp(57,163): warning C4244: 'argumento': conversión de 'float' a 'int'; posible pérdida de datos
D:\Users\ianco\Desktop\Image\2022\2do cuatri\Desarrollo1\Asteroids\StartMenu.cpp(57,65): warning C4244: 'argumento': conversión de 'float' a 'int'; posible pérdida de datos
D:\Users\ianco\Desktop\Image\2022\2do cuatri\Desarrollo1\Asteroids\StartMenu.cpp(59,44): warning C4244: 'argumento': conversión de 'float' a 'int'; posible pérdida de datos
D:\Users\ianco\Desktop\Image\2022\2do cuatri\Desarrollo1\Asteroids\StartMenu.cpp(60,57): warning C4244: 'argumento': conversión de 'float' a 'int'; posible pérdida de datos
D:\Users\ianco\Desktop\Image\2022\2do cuatri\Desarrollo1\Asteroids\StartMenu.cpp(61,73): warning C4244: 'argumento': conversión de 'float' a 'int'; posible pérdida de datos
D:\Users\ianco\Desktop\Image\2022\2do cuatri\Desarrollo1\Asteroids\StartMenu.cpp(62,63): warning C4244: 'argumento': conversión de 'float' a 'int'; posible pérdida de datos
D:\Users\ianco\Desktop\Image\2022\2do cuatri\Desarrollo1\Asteroids\StartMenu.cpp(63,87): warning C4244: 'argumento': conversión de 'float' a 'int'; posible pérdida de datos
D:\Users\ianco\Desktop\Image\2022\2do cuatri\Desarrollo1\Asteroids\StartMenu.cpp(64,78): warning C4244: 'argumento': conversión de 'float' a 'int'; posible pérdida de datos
D:\Users\ianco\Desktop\Image\2022\2do cuatri\Desarrollo1\Asteroids\StartMenu.cpp(65,89): warning C4244: 'argumento': conversión de 'float' a 'int'; posible pérdida de datos
D:\Users\ianco\Desktop\Image\2022\2do cuatri\Desarrollo1\Asteroids\StartMenu.cpp(67,50): warning C4244: 'argumento': conversión de 'float' a 'int'; posible pérdida de datos
D:\Users\ianco\Desktop\Image\2022\2do cuatri\Desarrollo1\Asteroids\StartMenu.cpp(68,79): warning C4244: 'argumento': conversión de 'float' a 'int'; posible pérdida de datos
D:\Users\ianco\Desktop\Image\2022\2do cuatri\Desarrollo1\Asteroids\StartMenu.cpp(71,48): warning C4244: 'argumento': conversión de 'float' a 'int'; posible pérdida de datos
D:\Users\ianco\Desktop\Image\2022\2do cuatri\Desarrollo1\Asteroids\StartMenu.cpp(72,90): warning C4244: 'argumento': conversión de 'float' a 'int'; posible pérdida de datos
  Generando código
  Previous IPDB not found, fall back to full compilation.
  All 43 functions were compiled because no usable IPDB/IOBJ from previous compilation was found.
  Generación de código finalizada
raylib.lib(raudio.obj) : warning LNK4099: no se encontró PDB '' con 'raylib.lib(raudio.obj)' o en ''; se vinculará el objeto sin tener en cuenta información de depuración
raylib.lib(rcore.obj) : warning LNK4099: no se encontró PDB 'raylib.pdb' con 'raylib.lib(rcore.obj)' o en 'D:\Users\ianco\Desktop\Image\2022\2do cuatri\Desarrollo1\Asteroids\bin\win32\raylib.pdb'; se vinculará el objeto sin tener en cuenta información de depuración
raylib.lib(rglfw.obj) : warning LNK4099: no se encontró PDB 'raylib.pdb' con 'raylib.lib(rglfw.obj)' o en 'D:\Users\ianco\Desktop\Image\2022\2do cuatri\Desarrollo1\Asteroids\bin\win32\raylib.pdb'; se vinculará el objeto sin tener en cuenta información de depuración
raylib.lib(rshapes.obj) : warning LNK4099: no se encontró PDB 'raylib.pdb' con 'raylib.lib(rshapes.obj)' o en 'D:\Users\ianco\Desktop\Image\2022\2do cuatri\Desarrollo1\Asteroids\bin\win32\raylib.pdb'; se vinculará el objeto sin tener en cuenta información de depuración
raylib.lib(rtext.obj) : warning LNK4099: no se encontró PDB 'raylib.pdb' con 'raylib.lib(rtext.obj)' o en 'D:\Users\ianco\Desktop\Image\2022\2do cuatri\Desarrollo1\Asteroids\bin\win32\raylib.pdb'; se vinculará el objeto sin tener en cuenta información de depuración
raylib.lib(rtextures.obj) : warning LNK4099: no se encontró PDB 'raylib.pdb' con 'raylib.lib(rtextures.obj)' o en 'D:\Users\ianco\Desktop\Image\2022\2do cuatri\Desarrollo1\Asteroids\bin\win32\raylib.pdb'; se vinculará el objeto sin tener en cuenta información de depuración
raylib.lib(utils.obj) : warning LNK4099: no se encontró PDB 'raylib.pdb' con 'raylib.lib(utils.obj)' o en 'D:\Users\ianco\Desktop\Image\2022\2do cuatri\Desarrollo1\Asteroids\bin\win32\raylib.pdb'; se vinculará el objeto sin tener en cuenta información de depuración
  Asteroids.vcxproj -> D:\Users\ianco\Desktop\Image\2022\2do cuatri\Desarrollo1\Asteroids\bin\win32\Asteroids.exe
